
ROM used:   2056/65536 (3%)
            2056/65536 (3%) including unused fragments

            0.5 Average locations per line
            3.5 Average locations per statement

RAM used:   103/3896 (3%) at main() level
            110/3896 (3%) worst case

Stack used: 1 worst case (0 in main + 1 for interrupts)
Stack size: 30

Lines Stmts  %   Files
----- ----- ---  -----
  128    83  14  main.c
  154     0   0  scale.h
  992     0   0  C:\Program Files (x86)\PICC\devices\18F26K22.h
  435     0   0  C:\Program Files (x86)\PICC\drivers\string.h
   32     0   0  C:\Program Files (x86)\PICC\drivers\stddef.h
   28     0   0  C:\Program Files (x86)\PICC\drivers\ctype.h
   37     0   0  C:\Program Files (x86)\PICC\drivers\stdio.h
 1351   359  61  C:\Program Files (x86)\PICC\drivers\stdlib.h
  236     0   0  C:\Program Files (x86)\PICC\drivers\time.h
  335   129  22  C:\Program Files (x86)\PICC\drivers\stdlibm.h
   76    13   2  C:\Program Files (x86)\PICC\drivers\memmgmt.c
  163     0   0  C:\Program Files (x86)\PICC\drivers\stdint.h
----- -----
 3967   584 Total

Page ROM  %  RAM    Vol Diff  Functions:
---- --- --- ---    --- ----  ----------
0     52   1    5    140  5.0  strlen
0     30   1    5             @MUL1616
0     40   1    1             @delay_ms1
0      8   0    0             @PUTCHARI_BIU_1
0     32   1    3    131  3.5  clear_TS02_buff
0     84   2    0    357  1.8  TS02_INIT
0      8   0    0             @const1195
0     34   1    2             @PSTRINGC_19200_31766_31767
0      6   0    0             @const1200
0      8   0    0             @const1201
0      6   0    0             @const1202
0     86   2    3    272  3.9  sound
0     24   1    1    100  3.2  ascii2hex
0    272   7    5    666  8.0  get_id
0      4   0    0             @const1210
0     46   1    0     66  1.8  debug
0     16   0    0             @const1213
0     32   1    3             @PSTRINGCN_19200_31766_31767
0     40   1    2             @PSTRINGR_19200_31766_31767
0     34   1    2     80  3.1  RDA_isr
0    726  18   10   1348  8.2  MAIN
0    150   4    0             @const1222
0     40   1    3             @DIV88
0    108   3    2             @PRINTF_U_19200_31766_31767
 Inline         0             @cinit1

Program metrics:
    Functions               9
    Statements              584
    Comments                1268
    Volume (V)              4675
    Difficulty (D)          36.9
    Effort to implement (E) 172333
    Time to implement (T)   2 hours, 40 minutes
    Est Delivered Bugs (B)  1
    Cyclomatic Complexity   11
    Maintainability (MI)    48

 Segment     Used  Free
-----------  ----  ----
00000-00002     4  0  
00004-00006     0  4  
00008-000AC   166  0  
000AE-0FFFE  1886  63476  



